<?xml version="1.0" encoding="UTF-8" standalone="yes"?>
<workflow>
    <node>
        <type>FileDataReader</type>
        <parameter>
            <name>filename</name>
            <value><!-- the name of your input test file here --></value>
        </parameter>
    </node>
    <node>
        <type><!-- the name of your node here --></type>
<!--         uncomment the following lines if your node needs defined attributes -->
<!--         <parameter> -->
<!--             <name></name> -->
<!--             <value></value> -->
<!--         </parameter> -->
<!--         <parameter> -->
<!--             <name></name> -->
<!--             <value></value> -->
<!--         </parameter> -->
    </node>
    
<!--		uncomment this to print the output over console -->
<!--     <node> -->
<!--         <type>ConsoleOutput</type> -->
<!--     </node> -->

</workflow>
